<?xml version="1.0" encoding="UTF-8"?>
<!-- Generated by org.testng.reporters.JUnitReportReporter -->
<testsuite hostname="A04D2EB4-796A-4719-A1C4-C27C927E344B" failures="0" tests="3" name="com.sampleprgm.Grouping_Methods" time="0.014" errors="0" timestamp="2024-12-02T18:03:26 IST" skipped="0">
  <testcase classname="com.sampleprgm.Grouping_Methods" name="DellLap" time="0.012"/>
  <system-out/>
  <testcase classname="com.sampleprgm.Grouping_Methods" name="Hplap" time="0.001"/>
  <system-out/>
  <testcase classname="com.sampleprgm.Grouping_Methods" name="Lenova" time="0.001"/>
  <system-out/>
</testsuite> <!-- com.sampleprgm.Grouping_Methods -->
