<?xml version="1.0" encoding="UTF-8"?>
<!-- Generated by org.testng.reporters.JUnitReportReporter -->
<testsuite hostname="A04D2EB4-796A-4719-A1C4-C27C927E344B" failures="0" tests="2" name="com.sampleprgm.Ignoree" time="0.019" errors="0" timestamp="2024-12-02T17:06:33 IST" skipped="0">
  <testcase classname="com.sampleprgm.Ignoree" name="orderplacedvivo" time="0.002"/>
  <system-out/>
  <testcase classname="com.sampleprgm.Ignoree" name="orderplacediphone" time="0.017"/>
  <system-out/>
</testsuite> <!-- com.sampleprgm.Ignoree -->
