<?xml version="1.0" encoding="UTF-8"?>
<!-- Generated by org.testng.reporters.JUnitReportReporter -->
<testsuite hostname="A04D2EB4-796A-4719-A1C4-C27C927E344B" failures="0" tests="2" name="com.sampleprgm.Paralleltest_Concept" time="7.084" errors="0" timestamp="2024-12-03T18:12:46 IST" skipped="0">
  <testcase classname="com.sampleprgm.Paralleltest_Concept" name="browserlaunch" time="4.416"/>
  <system-out/>
  <testcase classname="com.sampleprgm.Paralleltest_Concept" name="secondbrowserlaunch" time="2.668"/>
  <system-out/>
</testsuite> <!-- com.sampleprgm.Paralleltest_Concept -->
