<?xml version="1.0" encoding="UTF-8"?>
<!-- Generated by org.testng.reporters.JUnitReportReporter -->
<testsuite hostname="A04D2EB4-796A-4719-A1C4-C27C927E344B" failures="0" tests="2" name="com.sampleprgm.SimpleAnnotations" time="0.022" errors="0" timestamp="2024-11-27T17:49:19 IST" skipped="0">
  <testcase classname="com.sampleprgm.SimpleAnnotations" name="Orderplace" time="0.016"/>
  <system-out/>
  <testcase classname="com.sampleprgm.SimpleAnnotations" name="orderplace" time="0.006"/>
  <system-out/>
</testsuite> <!-- com.sampleprgm.SimpleAnnotations -->
