<?xml version="1.0" encoding="UTF-8"?>
<!-- Generated by org.testng.reporters.JUnitReportReporter -->
<testsuite hostname="A04D2EB4-796A-4719-A1C4-C27C927E344B" failures="0" tests="6" name="com.sampleprgm.Dependon_Groupsss" time="0.031" errors="0" timestamp="2024-12-02T18:21:36 IST" skipped="0">
  <testcase classname="com.sampleprgm.Dependon_Groupsss" name="Nokia" time="0.003"/>
  <system-out/>
  <testcase classname="com.sampleprgm.Dependon_Groupsss" name="Vivo" time="0.001"/>
  <system-out/>
  <testcase classname="com.sampleprgm.Dependon_Groupsss" name="DellLap" time="0.021"/>
  <system-out/>
  <testcase classname="com.sampleprgm.Dependon_Groupsss" name="Hplap" time="0.002"/>
  <system-out/>
  <testcase classname="com.sampleprgm.Dependon_Groupsss" name="motorola" time="0.002"/>
  <system-out/>
  <testcase classname="com.sampleprgm.Dependon_Groupsss" name="Lenova" time="0.002"/>
  <system-out/>
</testsuite> <!-- com.sampleprgm.Dependon_Groupsss -->
