<?xml version="1.0" encoding="UTF-8"?>
<!-- Generated by org.testng.reporters.JUnitReportReporter -->
<testsuite hostname="A04D2EB4-796A-4719-A1C4-C27C927E344B" failures="0" tests="1" name="com.sampleprgm.Waitt_Concept" time="0.016" errors="0" timestamp="2024-12-03T17:20:19 IST" skipped="0">
  <testcase classname="com.sampleprgm.Waitt_Concept" name="name" time="0.016"/>
  <system-out/>
</testsuite> <!-- com.sampleprgm.Waitt_Concept -->
