<?xml version="1.0" encoding="UTF-8"?>
<!-- Generated by org.testng.reporters.JUnitReportReporter -->
<testsuite hostname="A04D2EB4-796A-4719-A1C4-C27C927E344B" failures="0" tests="3" name="com.sampleprgm.Dataproviderdemo" time="5.854" errors="0" timestamp="2024-11-29T18:51:26 IST" skipped="0">
  <testcase classname="com.sampleprgm.Dataproviderdemo" name="test" time="1.218"/>
  <system-out/>
  <testcase classname="com.sampleprgm.Dataproviderdemo" name="test" time="3.192"/>
  <system-out/>
  <testcase classname="com.sampleprgm.Dataproviderdemo" name="test" time="1.444"/>
  <system-out/>
</testsuite> <!-- com.sampleprgm.Dataproviderdemo -->
