<?xml version="1.0" encoding="UTF-8"?>
<!-- Generated by org.testng.reporters.JUnitReportReporter -->
<testsuite hostname="A04D2EB4-796A-4719-A1C4-C27C927E344B" failures="0" tests="3" name="com.sampleprgm.Invocationcounterconcept" time="10.072" errors="0" timestamp="2024-12-02T17:35:05 IST" skipped="0">
  <testcase classname="com.sampleprgm.Invocationcounterconcept" name="browserlaunch" time="3.191"/>
  <system-out/>
  <testcase classname="com.sampleprgm.Invocationcounterconcept" name="browserlaunch" time="2.580"/>
  <system-out/>
  <testcase classname="com.sampleprgm.Invocationcounterconcept" name="browserlaunch" time="4.301"/>
  <system-out/>
</testsuite> <!-- com.sampleprgm.Invocationcounterconcept -->
