<?xml version="1.0" encoding="UTF-8"?>
<!-- Generated by org.testng.reporters.JUnitReportReporter -->
<testsuite hostname="A04D2EB4-796A-4719-A1C4-C27C927E344B" failures="0" tests="2" name="com.sampleprgm.DependonMethodsss" time="3.162" errors="0" timestamp="2024-12-02T18:12:57 IST" skipped="0">
  <testcase classname="com.sampleprgm.DependonMethodsss" name="browserlaunch" time="3.161"/>
  <system-out/>
  <testcase classname="com.sampleprgm.DependonMethodsss" name="randomvdoselected" time="0.001"/>
  <system-out/>
</testsuite> <!-- com.sampleprgm.DependonMethodsss -->
