<?xml version="1.0" encoding="UTF-8"?>
<!-- Generated by org.testng.reporters.JUnitReportReporter -->
<testsuite hostname="A04D2EB4-796A-4719-A1C4-C27C927E344B" failures="0" tests="8" name="com.sampleprgm.Priority_concept" time="0.021" errors="0" timestamp="2024-12-02T17:17:42 IST" skipped="0">
  <testcase classname="com.sampleprgm.Priority_concept" name="orderplacediphone" time="0.010"/>
  <system-out/>
  <testcase classname="com.sampleprgm.Priority_concept" name="orderplacedapple" time="0.001"/>
  <system-out/>
  <testcase classname="com.sampleprgm.Priority_concept" name="orderplacedmotog9" time="0.002"/>
  <system-out/>
  <testcase classname="com.sampleprgm.Priority_concept" name="orderplacedapple" time="0.002"/>
  <system-out/>
  <testcase classname="com.sampleprgm.Priority_concept" name="orderplacedapple" time="0.002"/>
  <system-out/>
  <testcase classname="com.sampleprgm.Priority_concept" name="orderplacedapple" time="0.001"/>
  <system-out/>
  <testcase classname="com.sampleprgm.Priority_concept" name="orderplacedapple" time="0.002"/>
  <system-out/>
  <testcase classname="com.sampleprgm.Priority_concept" name="orderplacedvivo" time="0.001"/>
  <system-out/>
</testsuite> <!-- com.sampleprgm.Priority_concept -->
